Build started 3/18/2015 11:15:29 PM.
     1>Project "K:\Git\bB-pngParse\bBpP\bBpP.vcxproj" on node 2 (Build target(s)).
     1>ClCompile:
         B:\Programs\Microsoft Visual Studio 12.0\VC\bin\CL.exe /c /IK:\Git\lodepng /Zi /nologo /W3 /WX- /sdl /O2 /Oi /Oy- /GL /D WIN32 /D NDEBUG /D _CONSOLE /D _LIB /D _UNICODE /D UNICODE /Gm- /EHsc /MD /GS /Gy /fp:precise /Zc:wchar_t /Zc:forScope /Yu"stdafx.h" /Fp"Release\bBpP.pch" /Fo"Release\\" /Fd"Release\vc120.pdb" /Gd /TP /analyze- /errorReport:prompt ..\..\lodepng\lodepng.cpp bBpP.cpp image.cpp palette.cpp parser.cpp sprite.cpp
         lodepng.cpp
         bBpP.cpp
         image.cpp
         palette.cpp
         parser.cpp
         sprite.cpp
       Link:
         B:\Programs\Microsoft Visual Studio 12.0\VC\bin\link.exe /ERRORREPORT:PROMPT /OUT:"K:\Git\bB-pngParse\Release\bBpP.exe" /INCREMENTAL:NO /NOLOGO kernel32.lib user32.lib gdi32.lib winspool.lib comdlg32.lib advapi32.lib shell32.lib ole32.lib oleaut32.lib uuid.lib odbc32.lib odbccp32.lib /MANIFEST /MANIFESTUAC:"level='asInvoker' uiAccess='false'" /manifest:embed /DEBUG /PDB:"K:\Git\bB-pngParse\Release\bBpP.pdb" /SUBSYSTEM:CONSOLE /OPT:REF /OPT:ICF /LTCG /TLBID:1 /DYNAMICBASE /NXCOMPAT /IMPLIB:"K:\Git\bB-pngParse\Release\bBpP.lib" /MACHINE:X86 /SAFESEH Release\lodepng.obj
         Release\bBpP.obj
         Release\image.obj
         Release\palette.obj
         Release\parser.obj
         Release\sprite.obj
         Release\stdafx.obj
         Generating code
         Finished generating code
         bBpP.vcxproj -> K:\Git\bB-pngParse\Release\bBpP.exe
     1>Done Building Project "K:\Git\bB-pngParse\bBpP\bBpP.vcxproj" (Build target(s)).

Build succeeded.

Time Elapsed 00:00:02.55
